c:\users\86189\tda362-labs\build\project\project.dir\debug\vc142.pdb
c:\users\86189\tda362-labs\build\project\project.dir\debug\particlesystem.obj
c:\users\86189\tda362-labs\build\project\project.dir\debug\heightfield.obj
c:\users\86189\tda362-labs\build\project\project.dir\debug\fbo.obj
c:\users\86189\tda362-labs\build\project\project.dir\debug\main.obj
c:\users\86189\tda362-labs\build\project\cmakefiles\generate.stamp
c:\users\86189\tda362-labs\bin\project.exe
c:\users\86189\tda362-labs\build\project\project.dir\debug\project.ilk
c:\users\86189\tda362-labs\bin\project.pdb
c:\users\86189\tda362-labs\build\project\debug\project.lib
c:\users\86189\tda362-labs\build\project\debug\project.exp
c:\users\86189\tda362-labs\build\project\project.dir\debug\project.tlog\cl.command.1.tlog
c:\users\86189\tda362-labs\build\project\project.dir\debug\project.tlog\cl.read.1.tlog
c:\users\86189\tda362-labs\build\project\project.dir\debug\project.tlog\cl.write.1.tlog
c:\users\86189\tda362-labs\build\project\project.dir\debug\project.tlog\custombuild.command.1.tlog
c:\users\86189\tda362-labs\build\project\project.dir\debug\project.tlog\custombuild.read.1.tlog
c:\users\86189\tda362-labs\build\project\project.dir\debug\project.tlog\custombuild.write.1.tlog
c:\users\86189\tda362-labs\build\project\project.dir\debug\project.tlog\link.command.1.tlog
c:\users\86189\tda362-labs\build\project\project.dir\debug\project.tlog\link.read.1.tlog
c:\users\86189\tda362-labs\build\project\project.dir\debug\project.tlog\link.write.1.tlog
c:\users\86189\tda362-labs\build\project\project.dir\debug\project.tlog\project.write.1u.tlog
